{"/home/tyler/Projects/generator-incubator/core/index.js":{"path":"/home/tyler/Projects/generator-incubator/core/index.js","s":{"1":1,"2":1,"3":1,"4":1,"5":6,"6":6,"7":6,"8":6,"9":6,"10":6,"11":3,"12":3,"13":0,"14":1,"15":0,"16":0,"17":0,"18":0,"19":0,"20":0,"21":1,"22":1,"23":5,"24":5,"25":5,"26":3,"27":3,"28":3,"29":1,"30":3,"31":3,"32":3,"33":3,"34":3,"35":1,"36":3,"37":3,"38":3,"39":3,"40":3,"41":1,"42":3,"43":3,"44":3,"45":1,"46":3,"47":3,"48":3,"49":3,"50":3,"51":3,"52":3},"b":{"1":[3,0]},"f":{"1":6,"2":3,"3":0,"4":0,"5":0,"6":5,"7":3,"8":3,"9":3,"10":3,"11":3,"12":3,"13":3},"fnMap":{"1":{"name":"CoreGenerator","line":7,"loc":{"start":{"line":7,"column":37},"end":{"line":7,"column":63}}},"2":{"name":"(anonymous_2)","line":29,"loc":{"start":{"line":29,"column":16},"end":{"line":29,"column":28}}},"3":{"name":"installDependencies","line":36,"loc":{"start":{"line":36,"column":2},"end":{"line":36,"column":44}}},"4":{"name":"(anonymous_4)","line":39,"loc":{"start":{"line":39,"column":31},"end":{"line":39,"column":43}}},"5":{"name":"(anonymous_5)","line":51,"loc":{"start":{"line":51,"column":13},"end":{"line":51,"column":25}}},"6":{"name":"projectInfo","line":59,"loc":{"start":{"line":59,"column":38},"end":{"line":59,"column":62}}},"7":{"name":"(anonymous_7)","line":73,"loc":{"start":{"line":73,"column":22},"end":{"line":73,"column":39}}},"8":{"name":"promptForInfo","line":81,"loc":{"start":{"line":81,"column":30},"end":{"line":81,"column":56}}},"9":{"name":"(anonymous_9)","line":90,"loc":{"start":{"line":90,"column":22},"end":{"line":90,"column":39}}},"10":{"name":"promptForInfo","line":97,"loc":{"start":{"line":97,"column":30},"end":{"line":97,"column":56}}},"11":{"name":"(anonymous_11)","line":107,"loc":{"start":{"line":107,"column":22},"end":{"line":107,"column":39}}},"12":{"name":"directories","line":114,"loc":{"start":{"line":114,"column":38},"end":{"line":114,"column":62}}},"13":{"name":"files","line":120,"loc":{"start":{"line":120,"column":32},"end":{"line":120,"column":50}}}},"statementMap":{"1":{"start":{"line":3,"column":0},"end":{"line":3,"column":41}},"2":{"start":{"line":4,"column":0},"end":{"line":4,"column":29}},"3":{"start":{"line":5,"column":0},"end":{"line":5,"column":26}},"4":{"start":{"line":7,"column":0},"end":{"line":55,"column":2}},"5":{"start":{"line":8,"column":1},"end":{"line":8,"column":47}},"6":{"start":{"line":10,"column":1},"end":{"line":10,"column":19}},"7":{"start":{"line":11,"column":1},"end":{"line":11,"column":15}},"8":{"start":{"line":13,"column":1},"end":{"line":16,"column":3}},"9":{"start":{"line":18,"column":1},"end":{"line":27,"column":3}},"10":{"start":{"line":29,"column":1},"end":{"line":54,"column":15}},"11":{"start":{"line":30,"column":2},"end":{"line":32,"column":3}},"12":{"start":{"line":31,"column":3},"end":{"line":31,"column":10}},"13":{"start":{"line":34,"column":2},"end":{"line":34,"column":18}},"14":{"start":{"line":36,"column":2},"end":{"line":44,"column":3}},"15":{"start":{"line":37,"column":3},"end":{"line":37,"column":28}},"16":{"start":{"line":39,"column":3},"end":{"line":41,"column":6}},"17":{"start":{"line":40,"column":4},"end":{"line":40,"column":23}},"18":{"start":{"line":43,"column":3},"end":{"line":43,"column":27}},"19":{"start":{"line":46,"column":2},"end":{"line":46,"column":41}},"20":{"start":{"line":48,"column":2},"end":{"line":53,"column":5}},"21":{"start":{"line":57,"column":0},"end":{"line":57,"column":58}},"22":{"start":{"line":59,"column":0},"end":{"line":79,"column":2}},"23":{"start":{"line":60,"column":1},"end":{"line":60,"column":25}},"24":{"start":{"line":62,"column":1},"end":{"line":71,"column":5}},"25":{"start":{"line":73,"column":1},"end":{"line":78,"column":15}},"26":{"start":{"line":74,"column":2},"end":{"line":74,"column":54}},"27":{"start":{"line":75,"column":2},"end":{"line":75,"column":47}},"28":{"start":{"line":77,"column":2},"end":{"line":77,"column":9}},"29":{"start":{"line":81,"column":0},"end":{"line":95,"column":2}},"30":{"start":{"line":82,"column":1},"end":{"line":82,"column":25}},"31":{"start":{"line":84,"column":1},"end":{"line":88,"column":5}},"32":{"start":{"line":90,"column":1},"end":{"line":94,"column":15}},"33":{"start":{"line":91,"column":2},"end":{"line":91,"column":45}},"34":{"start":{"line":93,"column":2},"end":{"line":93,"column":9}},"35":{"start":{"line":97,"column":0},"end":{"line":112,"column":2}},"36":{"start":{"line":98,"column":1},"end":{"line":98,"column":25}},"37":{"start":{"line":100,"column":1},"end":{"line":105,"column":5}},"38":{"start":{"line":107,"column":1},"end":{"line":111,"column":15}},"39":{"start":{"line":108,"column":2},"end":{"line":108,"column":40}},"40":{"start":{"line":110,"column":2},"end":{"line":110,"column":9}},"41":{"start":{"line":114,"column":0},"end":{"line":118,"column":2}},"42":{"start":{"line":115,"column":1},"end":{"line":115,"column":19}},"43":{"start":{"line":116,"column":1},"end":{"line":116,"column":20}},"44":{"start":{"line":117,"column":1},"end":{"line":117,"column":24}},"45":{"start":{"line":120,"column":0},"end":{"line":129,"column":2}},"46":{"start":{"line":121,"column":1},"end":{"line":121,"column":38}},"47":{"start":{"line":122,"column":1},"end":{"line":122,"column":46}},"48":{"start":{"line":123,"column":1},"end":{"line":123,"column":42}},"49":{"start":{"line":124,"column":1},"end":{"line":124,"column":52}},"50":{"start":{"line":125,"column":1},"end":{"line":125,"column":32}},"51":{"start":{"line":127,"column":1},"end":{"line":127,"column":48}},"52":{"start":{"line":128,"column":1},"end":{"line":128,"column":48}}},"branchMap":{"1":{"line":30,"type":"if","locations":[{"start":{"line":30,"column":2},"end":{"line":30,"column":2}},{"start":{"line":30,"column":2},"end":{"line":30,"column":2}}]}}},"/home/tyler/Projects/generator-incubator/app/index.js":{"path":"/home/tyler/Projects/generator-incubator/app/index.js","s":{"1":1,"2":1,"3":1,"4":1,"5":1,"6":2,"7":2,"8":2,"9":2,"10":2,"11":2,"12":2,"13":2,"14":2,"15":2,"16":1},"b":{"1":[2,2],"2":[2,0]},"f":{"1":2},"fnMap":{"1":{"name":"IncubatorGenerator","line":8,"loc":{"start":{"line":8,"column":42},"end":{"line":8,"column":77}}}},"statementMap":{"1":{"start":{"line":3,"column":0},"end":{"line":3,"column":41}},"2":{"start":{"line":4,"column":0},"end":{"line":4,"column":38}},"3":{"start":{"line":5,"column":0},"end":{"line":5,"column":29}},"4":{"start":{"line":6,"column":0},"end":{"line":6,"column":29}},"5":{"start":{"line":8,"column":0},"end":{"line":23,"column":2}},"6":{"start":{"line":9,"column":1},"end":{"line":9,"column":47}},"7":{"start":{"line":11,"column":1},"end":{"line":11,"column":63}},"8":{"start":{"line":12,"column":1},"end":{"line":12,"column":61}},"9":{"start":{"line":13,"column":1},"end":{"line":13,"column":79}},"10":{"start":{"line":15,"column":1},"end":{"line":20,"column":2}},"11":{"start":{"line":16,"column":2},"end":{"line":16,"column":58}},"12":{"start":{"line":17,"column":2},"end":{"line":17,"column":85}},"13":{"start":{"line":18,"column":2},"end":{"line":18,"column":59}},"14":{"start":{"line":19,"column":2},"end":{"line":19,"column":13}},"15":{"start":{"line":22,"column":1},"end":{"line":22,"column":37}},"16":{"start":{"line":25,"column":0},"end":{"line":25,"column":58}}},"branchMap":{"1":{"line":12,"type":"binary-expr","locations":[{"start":{"line":12,"column":16},"end":{"line":12,"column":28}},{"start":{"line":12,"column":32},"end":{"line":12,"column":60}}]},"2":{"line":15,"type":"if","locations":[{"start":{"line":15,"column":1},"end":{"line":15,"column":1}},{"start":{"line":15,"column":1},"end":{"line":15,"column":1}}]}}}}