TN:
SF:/home/tyler/Projects/generator-incubator/core/index.js
FN:7,CoreGenerator
FN:29,(anonymous_2)
FN:36,installDependencies
FN:39,(anonymous_4)
FN:51,(anonymous_5)
FN:59,projectInfo
FN:73,(anonymous_7)
FN:81,promptForInfo
FN:90,(anonymous_9)
FN:97,promptForInfo
FN:107,(anonymous_11)
FN:114,directories
FN:120,files
FNF:13
FNH:10
FNDA:6,CoreGenerator
FNDA:3,(anonymous_2)
FNDA:0,installDependencies
FNDA:0,(anonymous_4)
FNDA:0,(anonymous_5)
FNDA:5,projectInfo
FNDA:3,(anonymous_7)
FNDA:3,promptForInfo
FNDA:3,(anonymous_9)
FNDA:3,promptForInfo
FNDA:3,(anonymous_11)
FNDA:3,directories
FNDA:3,files
DA:3,1
DA:4,1
DA:5,1
DA:7,1
DA:8,6
DA:10,6
DA:11,6
DA:13,6
DA:18,6
DA:29,6
DA:30,3
DA:31,3
DA:34,0
DA:36,1
DA:37,0
DA:39,0
DA:40,0
DA:43,0
DA:46,0
DA:48,0
DA:57,1
DA:59,1
DA:60,5
DA:62,5
DA:73,5
DA:74,3
DA:75,3
DA:77,3
DA:81,1
DA:82,3
DA:84,3
DA:90,3
DA:91,3
DA:93,3
DA:97,1
DA:98,3
DA:100,3
DA:107,3
DA:108,3
DA:110,3
DA:114,1
DA:115,3
DA:116,3
DA:117,3
DA:120,1
DA:121,3
DA:122,3
DA:123,3
DA:124,3
DA:125,3
DA:127,3
DA:128,3
LF:52
LH:45
BRDA:30,1,0,3
BRDA:30,1,1,0
BRF:2
BRH:1
end_of_record
TN:
SF:/home/tyler/Projects/generator-incubator/app/index.js
FN:8,IncubatorGenerator
FNF:1
FNH:1
FNDA:2,IncubatorGenerator
DA:3,1
DA:4,1
DA:5,1
DA:6,1
DA:8,1
DA:9,2
DA:11,2
DA:12,2
DA:13,2
DA:15,2
DA:16,2
DA:17,2
DA:18,2
DA:19,2
DA:22,2
DA:25,1
LF:16
LH:16
BRDA:12,1,0,2
BRDA:12,1,1,2
BRDA:15,2,0,2
BRDA:15,2,1,0
BRF:4
BRH:3
end_of_record
